<?xml version="1.0" encoding="UTF-8"?>
<!-- Generated by org.testng.reporters.JUnitXMLReporter -->
<testsuite ignored="0" hostname="DESKTOP-BM22CQR" failures="0" tests="3" name="Default test" time="64.7" errors="0" timestamp="2023-10-24T19:49:17 IST">
  <testcase classname="test.store.sprig.ShoppingCartTest" name="continueShoppingButtonCheck" time="16.435"/>
  <testcase classname="test.store.sprig.ShoppingCartTest" name="proceedToCheckout" time="16.446"/>
  <testcase classname="test.store.sprig.ShoppingCartTest" name="quantityIncreaseCheck" time="11.301"/>
</testsuite> <!-- Default test -->
